生成启动时间为 2014/6/21 18:19:30。
     1>项目“D:\cocos2d-x\cocos2d-x-2.2.0\projects\my2048\proj.win32\my2048.vcxproj”在节点 2 上(build 个目标)。
     1>InitializeBuildStatus:
         正在创建“Release.win32\my2048.unsuccessfulbuild”，因为已指定“AlwaysCreate”。
       ClCompile:
         C:\Program Files (x86)\Microsoft Visual Studio 10.0\VC\bin\CL.exe /c /I"D:\cocos2d-x\cocos2d-x-2.2.0\projects\my2048\proj.win32\..\..\..\cocos2dx" /I"D:\cocos2d-x\cocos2d-x-2.2.0\projects\my2048\proj.win32\..\..\..\cocos2dx\include" /I"D:\cocos2d-x\cocos2d-x-2.2.0\projects\my2048\proj.win32\..\..\..\cocos2dx\kazmath\include" /I"D:\cocos2d-x\cocos2d-x-2.2.0\projects\my2048\proj.win32\..\..\..\cocos2dx\platform\win32" /I"D:\cocos2d-x\cocos2d-x-2.2.0\projects\my2048\proj.win32\..\..\..\cocos2dx\platform\third_party\win32" /I"D:\cocos2d-x\cocos2d-x-2.2.0\projects\my2048\proj.win32\..\..\..\cocos2dx\platform\third_party\win32\OGLES" /I"D:\cocos2d-x\cocos2d-x-2.2.0\projects\my2048\proj.win32\..\..\..\external" /I"D:\cocos2d-x\cocos2d-x-2.2.0\projects\my2048\proj.win32\..\..\..\external\chipmunk\include\chipmunk" /I"D:\cocos2d-x\cocos2d-x-2.2.0\projects\my2048\proj.win32\..\..\..\CocosDenshion\include" /I"D:\cocos2d-x\cocos2d-x-2.2.0\projects\my2048\proj.win32\..\..\..\extensions" /I..\Classes /I.. /Zi /nologo /W3 /WX- /O2 /Oi /Oy- /GL /D WIN32 /D NDEBUG /D _WINDOWS /D _USE_MATH_DEFINES /D GL_GLEXT_PROTOTYPES /D CC_ENABLE_CHIPMUNK_INTEGRATION=1 /D _CRT_SECURE_NO_WARNINGS /D _SCL_SECURE_NO_WARNINGS /D _UNICODE /D UNICODE /Gm- /EHsc /MD /GS /Gy /fp:precise /Zc:wchar_t /Zc:forScope /Fo"Release.win32\\" /Fd"Release.win32\vc100.pdb" /Gd /TP /wd4267 /wd4251 /wd4244 /analyze- /errorReport:prompt ..\Classes\HelloWorldScene.cpp
         HelloWorldScene.cpp
     1>..\Classes\HelloWorldScene.cpp(124): warning C4996: 'itoa': The POSIX name for this item is deprecated. Instead, use the ISO C++ conformant name: _itoa. See online help for details.
                 C:\Program Files (x86)\Microsoft Visual Studio 10.0\VC\include\stdlib.h(867) : 参见“itoa”的声明
     1>..\Classes\HelloWorldScene.cpp(136): warning C4996: 'itoa': The POSIX name for this item is deprecated. Instead, use the ISO C++ conformant name: _itoa. See online help for details.
                 C:\Program Files (x86)\Microsoft Visual Studio 10.0\VC\include\stdlib.h(867) : 参见“itoa”的声明
     1>..\Classes\HelloWorldScene.cpp(168): warning C4305: “return”: 从“double”到“float”截断
     1>..\Classes\HelloWorldScene.cpp(169): warning C4305: “return”: 从“double”到“float”截断
     1>..\Classes\HelloWorldScene.cpp(170): warning C4305: “return”: 从“double”到“float”截断
     1>..\Classes\HelloWorldScene.cpp(171): warning C4305: “return”: 从“double”到“float”截断
     1>..\Classes\HelloWorldScene.cpp(172): warning C4305: “return”: 从“double”到“float”截断
     1>..\Classes\HelloWorldScene.cpp(173): warning C4305: “return”: 从“double”到“float”截断
       PreLinkEvent:
         if not exist "D:\cocos2d-x\cocos2d-x-2.2.0\projects\my2048\proj.win32\Release.win32\" mkdir "D:\cocos2d-x\cocos2d-x-2.2.0\projects\my2048\proj.win32\Release.win32\"
         xcopy /Y /Q "D:\cocos2d-x\cocos2d-x-2.2.0\projects\my2048\proj.win32\..\..\..\external\libwebsockets\win32\lib\*.*" "D:\cocos2d-x\cocos2d-x-2.2.0\projects\my2048\proj.win32\Release.win32\"
         :VCEnd
         复制了 2 个文件
       Link:
         C:\Program Files (x86)\Microsoft Visual Studio 10.0\VC\bin\link.exe /ERRORREPORT:PROMPT /OUT:"D:\cocos2d-x\cocos2d-x-2.2.0\projects\my2048\proj.win32\Release.win32\my2048.exe" /INCREMENTAL:NO /NOLOGO /LIBPATH:"D:\cocos2d-x\cocos2d-x-2.2.0\projects\my2048\proj.win32\Release.win32\\" libExtensions.lib libcocos2d.lib libCocosDenshion.lib opengl32.lib glew32.lib libBox2d.lib libchipmunk.lib libcurl_imp.lib pthreadVCE2.lib websockets.lib kernel32.lib user32.lib gdi32.lib winspool.lib comdlg32.lib advapi32.lib shell32.lib ole32.lib oleaut32.lib uuid.lib odbc32.lib odbccp32.lib /MANIFEST /ManifestFile:"Release.win32\my2048.exe.intermediate.manifest" /MANIFESTUAC:"level='asInvoker' uiAccess='false'" /DEBUG /PDB:"D:\cocos2d-x\cocos2d-x-2.2.0\projects\my2048\proj.win32\Release.win32\my2048.pdb" /SUBSYSTEM:WINDOWS /OPT:REF /OPT:ICF /LTCG /TLBID:1 /DYNAMICBASE /NXCOMPAT /IMPLIB:"D:\cocos2d-x\cocos2d-x-2.2.0\projects\my2048\proj.win32\Release.win32\my2048.lib" /MACHINE:X86 Release.win32\AppDelegate.obj
         Release.win32\Board.obj
         Release.win32\Depot.obj
         Release.win32\FirstLay.obj
         Release.win32\HelloWorldScene.obj
         Release.win32\WinPosition.obj
         Release.win32\main.obj
         "D:\cocos2d-x\cocos2d-x-2.2.0\projects\my2048\proj.win32\Release.win32\libcocos2d.lib"
         "D:\cocos2d-x\cocos2d-x-2.2.0\projects\my2048\proj.win32\Release.win32\libCocosDenshion.lib"
         "D:\cocos2d-x\cocos2d-x-2.2.0\projects\my2048\proj.win32\Release.win32\libExtensions.lib"
         "D:\cocos2d-x\cocos2d-x-2.2.0\projects\my2048\proj.win32\Release.win32\libBox2D.lib"
         "D:\cocos2d-x\cocos2d-x-2.2.0\projects\my2048\proj.win32\Release.win32\libchipmunk.lib"
         正在生成代码
     1>d:\cocos2d-x\cocos2d-x-2.2.0\projects\my2048\classes\helloworldscene.cpp(175): warning C4715: “HelloWorld::getFontsize”: 不是所有的控件路径都返回值
         已完成代码的生成
         my2048.vcxproj -> D:\cocos2d-x\cocos2d-x-2.2.0\projects\my2048\proj.win32\Release.win32\my2048.exe
       Manifest:
         C:\Program Files (x86)\Microsoft SDKs\Windows\v7.0A\bin\mt.exe /nologo /verbose /outputresource:"D:\cocos2d-x\cocos2d-x-2.2.0\projects\my2048\proj.win32\Release.win32\my2048.exe;#1" /manifest Release.win32\my2048.exe.intermediate.manifest
       FinalizeBuildStatus:
         正在删除文件“Release.win32\my2048.unsuccessfulbuild”。
         正在对“Release.win32\my2048.lastbuildstate”执行 Touch 任务。
     1>已完成生成项目“D:\cocos2d-x\cocos2d-x-2.2.0\projects\my2048\proj.win32\my2048.vcxproj”(build 个目标)的操作。

生成成功。

已用时间 00:00:14.57
